
[0] Code Region

Iterations:        100
Instructions:      2500
Total Cycles:      5917
Dispatch Width:    6
IPC:               0.42
Block RThroughput: 8.0


Instruction Info:
[1]: #uOps
[2]: Latency
[3]: RThroughput
[4]: MayLoad
[5]: MayStore
[6]: HasSideEffects (U)

[1]    [2]    [3]    [4]    [5]    [6]    Instructions:
 1      5     0.50    *                   vmovsd	8(%r12,%r11), %xmm2
 1      1     0.25                        incq	%r15
 2      9     0.50    *                   vaddsd	16(%r12,%r13), %xmm2, %xmm3
 2      9     0.50    *                   vaddsd	8(%r12,%r10), %xmm3, %xmm4
 1      4     0.50                        vaddsd	%xmm1, %xmm4, %xmm1
 1      4     0.50                        vmulsd	%xmm1, %xmm0, %xmm5
 2      1     1.00           *            vmovsd	%xmm5, 8(%r12,%r13)
 2      9     0.50    *                   vaddsd	16(%r12,%r11), %xmm5, %xmm6
 2      9     0.50    *                   vaddsd	24(%r12,%r13), %xmm6, %xmm7
 2      9     0.50    *                   vaddsd	16(%r12,%r10), %xmm7, %xmm8
 1      4     0.50                        vmulsd	%xmm8, %xmm0, %xmm9
 2      1     1.00           *            vmovsd	%xmm9, 16(%r12,%r13)
 2      9     0.50    *                   vaddsd	24(%r12,%r11), %xmm9, %xmm10
 2      9     0.50    *                   vaddsd	32(%r12,%r13), %xmm10, %xmm11
 2      9     0.50    *                   vaddsd	24(%r12,%r10), %xmm11, %xmm12
 1      4     0.50                        vmulsd	%xmm12, %xmm0, %xmm13
 2      1     1.00           *            vmovsd	%xmm13, 24(%r12,%r13)
 2      9     0.50    *                   vaddsd	32(%r12,%r11), %xmm13, %xmm14
 2      9     0.50    *                   vaddsd	40(%r12,%r13), %xmm14, %xmm15
 2      9     0.50    *                   vaddsd	32(%r12,%r10), %xmm15, %xmm16
 1      4     0.50                        vmulsd	%xmm16, %xmm0, %xmm1
 2      1     1.00           *            vmovsd	%xmm1, 32(%r12,%r13)
 1      1     0.25                        addq	$32, %r12
 1      1     0.25                        cmpq	%rbx, %r15
 1      1     0.50                        jb	..B1.75


Resources:
[0]   - SKXDivider
[1]   - SKXFPDivider
[2]   - SKXPort0
[3]   - SKXPort1
[4]   - SKXPort2
[5]   - SKXPort3
[6]   - SKXPort4
[7]   - SKXPort5
[8]   - SKXPort6
[9]   - SKXPort7


Resource pressure per iteration:
[0]    [1]    [2]    [3]    [4]    [5]    [6]    [7]    [8]    [9]    
 -      -     8.00   8.01   6.00   6.00   4.00   1.99   2.00   4.00   

Resource pressure by instruction:
[0]    [1]    [2]    [3]    [4]    [5]    [6]    [7]    [8]    [9]    Instructions:
 -      -      -      -     0.02   0.98    -      -      -      -     vmovsd	8(%r12,%r11), %xmm2
 -      -      -      -      -      -      -     0.99   0.01    -     incq	%r15
 -      -     0.97   0.03   0.98   0.02    -      -      -      -     vaddsd	16(%r12,%r13), %xmm2, %xmm3
 -      -     0.99   0.01   0.98   0.02    -      -      -      -     vaddsd	8(%r12,%r10), %xmm3, %xmm4
 -      -     1.00    -      -      -      -      -      -      -     vaddsd	%xmm1, %xmm4, %xmm1
 -      -     0.01   0.99    -      -      -      -      -      -     vmulsd	%xmm1, %xmm0, %xmm5
 -      -      -      -      -      -     1.00    -      -     1.00   vmovsd	%xmm5, 8(%r12,%r13)
 -      -     0.99   0.01   0.02   0.98    -      -      -      -     vaddsd	16(%r12,%r11), %xmm5, %xmm6
 -      -      -     1.00   0.97   0.03    -      -      -      -     vaddsd	24(%r12,%r13), %xmm6, %xmm7
 -      -     0.99   0.01   0.03   0.97    -      -      -      -     vaddsd	16(%r12,%r10), %xmm7, %xmm8
 -      -      -     1.00    -      -      -      -      -      -     vmulsd	%xmm8, %xmm0, %xmm9
 -      -      -      -      -      -     1.00    -      -     1.00   vmovsd	%xmm9, 16(%r12,%r13)
 -      -     1.00    -     0.98   0.02    -      -      -      -     vaddsd	24(%r12,%r11), %xmm9, %xmm10
 -      -      -     1.00   0.02   0.98    -      -      -      -     vaddsd	32(%r12,%r13), %xmm10, %xmm11
 -      -     1.00    -     0.98   0.02    -      -      -      -     vaddsd	24(%r12,%r10), %xmm11, %xmm12
 -      -      -     1.00    -      -      -      -      -      -     vmulsd	%xmm12, %xmm0, %xmm13
 -      -      -      -      -      -     1.00    -      -     1.00   vmovsd	%xmm13, 24(%r12,%r13)
 -      -     1.00    -     0.02   0.98    -      -      -      -     vaddsd	32(%r12,%r11), %xmm13, %xmm14
 -      -      -     1.00   0.98   0.02    -      -      -      -     vaddsd	40(%r12,%r13), %xmm14, %xmm15
 -      -     0.04   0.96   0.02   0.98    -      -      -      -     vaddsd	32(%r12,%r10), %xmm15, %xmm16
 -      -      -     1.00    -      -      -      -      -      -     vmulsd	%xmm16, %xmm0, %xmm1
 -      -      -      -      -      -     1.00    -      -     1.00   vmovsd	%xmm1, 32(%r12,%r13)
 -      -      -      -      -      -      -     0.01   0.99    -     addq	$32, %r12
 -      -      -      -      -      -      -     0.99   0.01    -     cmpq	%rbx, %r15
 -      -     0.01    -      -      -      -      -     0.99    -     jb	..B1.75


Timeline view:
                    0123456789          0123456789          0123456789          012345678
Index     0123456789          0123456789          0123456789          0123456789         

[0,0]     DeeeeeER  .    .    .    .    .    .    .    .    .    .    .    .    .    .  .   vmovsd	8(%r12,%r11), %xmm2
[0,1]     DeE----R  .    .    .    .    .    .    .    .    .    .    .    .    .    .  .   incq	%r15
[0,2]     DeeeeeeeeeER   .    .    .    .    .    .    .    .    .    .    .    .    .  .   vaddsd	16(%r12,%r13), %xmm2, %xmm3
[0,3]     D====eeeeeeeeeER    .    .    .    .    .    .    .    .    .    .    .    .  .   vaddsd	8(%r12,%r10), %xmm3, %xmm4
[0,4]     .D============eeeeER.    .    .    .    .    .    .    .    .    .    .    .  .   vaddsd	%xmm1, %xmm4, %xmm1
[0,5]     .D================eeeeER .    .    .    .    .    .    .    .    .    .    .  .   vmulsd	%xmm1, %xmm0, %xmm5
[0,6]     .D====================eER.    .    .    .    .    .    .    .    .    .    .  .   vmovsd	%xmm5, 8(%r12,%r13)
[0,7]     .D================eeeeeeeeeER .    .    .    .    .    .    .    .    .    .  .   vaddsd	16(%r12,%r11), %xmm5, %xmm6
[0,8]     . D===================eeeeeeeeeER  .    .    .    .    .    .    .    .    .  .   vaddsd	24(%r12,%r13), %xmm6, %xmm7
[0,9]     . D=======================eeeeeeeeeER   .    .    .    .    .    .    .    .  .   vaddsd	16(%r12,%r10), %xmm7, %xmm8
[0,10]    . D================================eeeeER    .    .    .    .    .    .    .  .   vmulsd	%xmm8, %xmm0, %xmm9
[0,11]    .  D===================================eER   .    .    .    .    .    .    .  .   vmovsd	%xmm9, 16(%r12,%r13)
[0,12]    .  D===============================eeeeeeeeeER    .    .    .    .    .    .  .   vaddsd	24(%r12,%r11), %xmm9, %xmm10
[0,13]    .  D===================================eeeeeeeeeER.    .    .    .    .    .  .   vaddsd	32(%r12,%r13), %xmm10, %xmm11
[0,14]    .   D======================================eeeeeeeeeER .    .    .    .    .  .   vaddsd	24(%r12,%r10), %xmm11, %xmm12
[0,15]    .   D===============================================eeeeER  .    .    .    .  .   vmulsd	%xmm12, %xmm0, %xmm13
[0,16]    .   D===================================================eER .    .    .    .  .   vmovsd	%xmm13, 24(%r12,%r13)
[0,17]    .    D==============================================eeeeeeeeeER  .    .    .  .   vaddsd	32(%r12,%r11), %xmm13, %xmm14
[0,18]    .    D==================================================eeeeeeeeeER   .    .  .   vaddsd	40(%r12,%r13), %xmm14, %xmm15
[0,19]    .    D======================================================eeeeeeeeeER    .  .   vaddsd	32(%r12,%r10), %xmm15, %xmm16
[0,20]    .    .D==============================================================eeeeER.  .   vmulsd	%xmm16, %xmm0, %xmm1
[0,21]    .    .D==================================================================eER  .   vmovsd	%xmm1, 32(%r12,%r13)
[0,22]    .    .DeE------------------------------------------------------------------R  .   addq	$32, %r12
[0,23]    .    .DeE------------------------------------------------------------------R  .   cmpq	%rbx, %r15
[0,24]    .    .D=eE-----------------------------------------------------------------R  .   jb	..B1.75
[1,0]     .    . DeeeeeE-------------------------------------------------------------R  .   vmovsd	8(%r12,%r11), %xmm2
[1,1]     .    . DeE-----------------------------------------------------------------R  .   incq	%r15
[1,2]     .    . DeeeeeeeeeE---------------------------------------------------------R  .   vaddsd	16(%r12,%r13), %xmm2, %xmm3
[1,3]     .    . D====eeeeeeeeeE-----------------------------------------------------R  .   vaddsd	8(%r12,%r10), %xmm3, %xmm4
[1,4]     .    .  D================================================================eeeeER   vaddsd	%xmm1, %xmm4, %xmm1


Average Wait times (based on the timeline view):
[0]: Executions
[1]: Average time spent waiting in a scheduler's queue
[2]: Average time spent waiting in a scheduler's queue while ready
[3]: Average time elapsed from WB until retire stage

      [0]    [1]    [2]    [3]
0.     2     1.0    0.5    30.5      vmovsd	8(%r12,%r11), %xmm2
1.     2     1.0    1.0    34.5      incq	%r15
2.     2     1.0    0.0    28.5      vaddsd	16(%r12,%r13), %xmm2, %xmm3
3.     2     5.0    0.0    26.5      vaddsd	8(%r12,%r10), %xmm3, %xmm4
4.     2     39.0   0.0    0.0       vaddsd	%xmm1, %xmm4, %xmm1
5.     1     17.0   0.0    0.0       vmulsd	%xmm1, %xmm0, %xmm5
6.     1     21.0   0.0    0.0       vmovsd	%xmm5, 8(%r12,%r13)
7.     1     17.0   0.0    0.0       vaddsd	16(%r12,%r11), %xmm5, %xmm6
8.     1     20.0   0.0    0.0       vaddsd	24(%r12,%r13), %xmm6, %xmm7
9.     1     24.0   0.0    0.0       vaddsd	16(%r12,%r10), %xmm7, %xmm8
10.    1     33.0   0.0    0.0       vmulsd	%xmm8, %xmm0, %xmm9
11.    1     36.0   0.0    0.0       vmovsd	%xmm9, 16(%r12,%r13)
12.    1     32.0   0.0    0.0       vaddsd	24(%r12,%r11), %xmm9, %xmm10
13.    1     36.0   0.0    0.0       vaddsd	32(%r12,%r13), %xmm10, %xmm11
14.    1     39.0   0.0    0.0       vaddsd	24(%r12,%r10), %xmm11, %xmm12
15.    1     48.0   0.0    0.0       vmulsd	%xmm12, %xmm0, %xmm13
16.    1     52.0   0.0    0.0       vmovsd	%xmm13, 24(%r12,%r13)
17.    1     47.0   0.0    0.0       vaddsd	32(%r12,%r11), %xmm13, %xmm14
18.    1     51.0   0.0    0.0       vaddsd	40(%r12,%r13), %xmm14, %xmm15
19.    1     55.0   0.0    0.0       vaddsd	32(%r12,%r10), %xmm15, %xmm16
20.    1     63.0   0.0    0.0       vmulsd	%xmm16, %xmm0, %xmm1
21.    1     67.0   0.0    0.0       vmovsd	%xmm1, 32(%r12,%r13)
22.    1     1.0    1.0    66.0      addq	$32, %r12
23.    1     1.0    1.0    66.0      cmpq	%rbx, %r15
24.    1     2.0    0.0    65.0      jb	..B1.75
